<?xml version="1.0" encoding="UTF-8"?>
<!-- Generated by org.testng.reporters.JUnitReportReporter -->
<testsuite hostname="LAPTOP-RIP7FCT2" failures="0" tests="4" name="testNgpack.TestNg" time="19.026" errors="0" timestamp="2023-04-01T11:55:20 IST" skipped="0">
  <testcase classname="testNgpack.TestNg" name="test1" time="2.812"/>
  <system-out/>
  <testcase classname="testNgpack.TestNg" name="test" time="2.449"/>
  <system-out/>
  <testcase classname="testNgpack.TestNg" name="test1" time="7.215"/>
  <system-out/>
  <testcase classname="testNgpack.TestNg" name="test" time="6.550"/>
  <system-out/>
</testsuite> <!-- testNgpack.TestNg -->
